<?xml version="1.0" encoding="UTF-8"?>
<!-- Generated by org.testng.reporters.JUnitXMLReporter -->
<testsuite ignored="0" hostname="LAPTOP-GJFA8BNB" failures="1" tests="2" name="edgeTest" time="272.526" errors="0" timestamp="2023-10-30T22:36:38 IST">
  <testcase classname="fullcreative.JoinUsPage" name="searchJob" time="0.0">
    <skipped/>
  </testcase> <!-- searchJob -->
  <testcase classname="fullcreative.HomePage" name="storyTitle" time="18.657">
    <failure type="java.lang.AssertionError" message="expected [Our Story - FULL Creative] but found [Home - FULL Creative]">
      <![CDATA[java.lang.AssertionError: expected [Our Story - FULL Creative] but found [Home - FULL Creative]
at fullcreative.HomePage.storyTitle(HomePage.java:20)
at java.base/java.util.ArrayList.forEach(ArrayList.java:1511)
at java.base/java.util.concurrent.FutureTask.run(FutureTask.java:264)
at java.base/java.util.concurrent.ThreadPoolExecutor.runWorker(ThreadPoolExecutor.java:1136)
at java.base/java.util.concurrent.ThreadPoolExecutor$Worker.run(ThreadPoolExecutor.java:635)
at java.base/java.lang.Thread.run(Thread.java:833)
... Removed 23 stack frames]]>
    </failure>
  </testcase> <!-- storyTitle -->
</testsuite> <!-- edgeTest -->
